#
# There is insufficient memory for the Java Runtime Environment to continue.
# Native memory allocation (mmap) failed to map 268435456 bytes for G1 virtual space
# Possible reasons:
#   The system is out of physical RAM or swap space
#   The process is running with CompressedOops enabled, and the Java Heap may be blocking the growth of the native heap
# Possible solutions:
#   Reduce memory load on the system
#   Increase physical memory or swap space
#   Check if swap backing store is full
#   Decrease Java heap size (-Xmx/-Xms)
#   Decrease number of Java threads
#   Decrease Java thread stack sizes (-Xss)
#   Set larger code cache with -XX:ReservedCodeCacheSize=
#   JVM is running with Zero Based Compressed Oops mode in which the Java heap is
#     placed in the first 32GB address space. The Java Heap base address is the
#     maximum limit for the native heap growth. Please use -XX:HeapBaseMinAddress
#     to set the Java Heap base and to place the Java Heap above 32GB virtual address.
# This output file may be truncated or incomplete.
#
#  Out of Memory Error (os_windows.cpp:3532), pid=4632, tid=15688
#
# JRE version:  (17.0.2+8) (build )
# Java VM: Java HotSpot(TM) 64-Bit Server VM (17.0.2+8-LTS-86, mixed mode, sharing, tiered, compressed oops, compressed class ptrs, g1 gc, windows-amd64)
# No core dump will be written. Minidumps are not enabled by default on client versions of Windows
#

---------------  S U M M A R Y ------------

Command Line: --enable-preview -XX:+ShowCodeDetailsInExceptionMessages Programme4

Host: Intel(R) Core(TM) i5-6300U CPU @ 2.40GHz, 4 cores, 15G,  Windows 10 , 64 bit Build 19041 (10.0.19041.1566)
Time: Tue Apr 12 13:45:43 2022 Greenwich elapsed time: 0.024416 seconds (0d 0h 0m 0s)

---------------  T H R E A D  ---------------

Current thread (0x0000020694d1c9b0):  JavaThread "Unknown thread" [_thread_in_vm, id=15688, stack(0x0000007db0700000,0x0000007db0800000)]

Stack: [0x0000007db0700000,0x0000007db0800000]
Native frames: (J=compiled Java code, j=interpreted, Vv=VM code, C=native code)
V  [jvm.dll+0x670baa]
V  [jvm.dll+0x7cfcb4]
V  [jvm.dll+0x7d145e]
V  [jvm.dll+0x7d1ac3]
V  [jvm.dll+0x242bc5]
V  [jvm.dll+0x66dac9]
V  [jvm.dll+0x662412]
V  [jvm.dll+0x300c0b]
V  [jvm.dll+0x3081a6]
V  [jvm.dll+0x357d0e]
V  [jvm.dll+0x357f3f]
V  [jvm.dll+0x2d7ec8]
V  [jvm.dll+0x2d8e34]
V  [jvm.dll+0x7a18c1]
V  [jvm.dll+0x365a91]
V  [jvm.dll+0x780d2c]
V  [jvm.dll+0x3e845f]
V  [jvm.dll+0x3e9f01]
C  [jli.dll+0x527b]
C  [ucrtbase.dll+0x21bb2]
C  [KERNEL32.DLL+0x17034]
C  [ntdll.dll+0x52651]


---------------  P R O C E S S  ---------------

Threads class SMR info:
_java_thread_list=0x00007ffc33b39858, length=0, elements={
}

Java Threads: ( => current thread )

Other Threads:
  0x0000020694d6a780 GCTaskThread "GC Thread#0" [stack: 0x0000007db0800000,0x0000007db0900000] [id=15700]
  0x0000020694d7b500 ConcurrentGCThread "G1 Main Marker" [stack: 0x0000007db0900000,0x0000007db0a00000] [id=17536]
  0x0000020694d7c6b0 ConcurrentGCThread "G1 Conc#0" [stack: 0x0000007db0a00000,0x0000007db0b00000] [id=3188]

[error occurred during error reporting (printing all threads), id 0xc0000005, EXCEPTION_ACCESS_VIOLATION (0xc0000005) at pc=0x00007ffc333888a7]

VM state: not at safepoint (not fully initialized)

VM Mutex/Monitor currently owned by a thread:  ([mutex/lock_event])
[0x0000020694d17580] Heap_lock - owner thread: 0x0000020694d1c9b0

Heap address: 0x0000000701c00000, size: 4068 MB, Compressed Oops mode: Zero based, Oop shift amount: 3

CDS archive(s) mapped at: [0x0000000000000000-0x0000000000000000-0x0000000000000000), size 0, SharedBaseAddress: 0x0000000800000000, ArchiveRelocationMode: 0.
Narrow klass base: 0x0000000000000000, Narrow klass shift: 0, Narrow klass range: 0x0

GC Precious Log:
<Empty>

Heap:
 garbage-first heap   total 0K, used 0K [0x0000000701c00000, 0x0000000800000000)
  region size 2048K, 0 young (0K), 0 survivors (0K)

[error occurred during error reporting (printing heap information), id 0xc0000005, EXCEPTION_ACCESS_VIOLATION (0xc0000005) at pc=0x00007ffc33769f19]

GC Heap History (0 events):
No events

Deoptimization events (0 events):
No events

Classes unloaded (0 events):
No events

Classes redefined (0 events):
No events

Internal exceptions (0 events):
No events

VM Operations (0 events):
No events

Events (1 events):
Event: 0.012 Loaded shared library C:\Program Files\Java\jdk-17.0.2\bin\java.dll


Dynamic libraries:
0x00007ff716570000 - 0x00007ff716580000 	C:\Program Files\Java\jdk-17.0.2\bin\java.exe
0x00007ffc99ad0000 - 0x00007ffc99cc5000 	C:\Windows\SYSTEM32\ntdll.dll
0x00007ffc984a0000 - 0x00007ffc9855e000 	C:\Windows\System32\KERNEL32.DLL
0x00007ffc977f0000 - 0x00007ffc97ab8000 	C:\Windows\System32\KERNELBASE.dll
0x00007ffc97560000 - 0x00007ffc97660000 	C:\Windows\System32\ucrtbase.dll
0x00007ffc8a2a0000 - 0x00007ffc8a2b8000 	C:\Program Files\Java\jdk-17.0.2\bin\jli.dll
0x00007ffc7af00000 - 0x00007ffc7af1a000 	C:\Program Files\Java\jdk-17.0.2\bin\VCRUNTIME140.dll
0x00007ffc98110000 - 0x00007ffc981be000 	C:\Windows\System32\ADVAPI32.dll
0x00007ffc97d00000 - 0x00007ffc97d9e000 	C:\Windows\System32\msvcrt.dll
0x00007ffc98070000 - 0x00007ffc9810c000 	C:\Windows\System32\sechost.dll
0x00007ffc98570000 - 0x00007ffc98695000 	C:\Windows\System32\RPCRT4.dll
0x00007ffc97b30000 - 0x00007ffc97cd0000 	C:\Windows\System32\USER32.dll
0x00007ffc97660000 - 0x00007ffc97682000 	C:\Windows\System32\win32u.dll
0x00007ffc98f50000 - 0x00007ffc98f7b000 	C:\Windows\System32\GDI32.dll
0x00007ffc72810000 - 0x00007ffc72aaa000 	C:\Windows\WinSxS\amd64_microsoft.windows.common-controls_6595b64144ccf1df_6.0.19041.1110_none_60b5254171f9507e\COMCTL32.dll
0x00007ffc97690000 - 0x00007ffc9779b000 	C:\Windows\System32\gdi32full.dll
0x00007ffc97350000 - 0x00007ffc973ed000 	C:\Windows\System32\msvcp_win.dll
0x00007ffc8cc50000 - 0x00007ffc8cc5a000 	C:\Windows\SYSTEM32\VERSION.dll
0x00007ffc97cd0000 - 0x00007ffc97d00000 	C:\Windows\System32\IMM32.DLL
0x00007ffc8d570000 - 0x00007ffc8d57c000 	C:\Program Files\Java\jdk-17.0.2\bin\vcruntime140_1.dll
0x00007ffc57b40000 - 0x00007ffc57bcd000 	C:\Program Files\Java\jdk-17.0.2\bin\msvcp140.dll
0x00007ffc330a0000 - 0x00007ffc33c61000 	C:\Program Files\Java\jdk-17.0.2\bin\server\jvm.dll
0x00007ffc98380000 - 0x00007ffc98388000 	C:\Windows\System32\PSAPI.DLL
0x00007ffc7f6a0000 - 0x00007ffc7f6a9000 	C:\Windows\SYSTEM32\WSOCK32.dll
0x00007ffc7e750000 - 0x00007ffc7e777000 	C:\Windows\SYSTEM32\WINMM.dll
0x00007ffc99750000 - 0x00007ffc997bb000 	C:\Windows\System32\WS2_32.dll
0x00007ffc95a50000 - 0x00007ffc95a62000 	C:\Windows\SYSTEM32\kernel.appcore.dll
0x00007ffc8a290000 - 0x00007ffc8a29a000 	C:\Program Files\Java\jdk-17.0.2\bin\jimage.dll
0x00007ffc95090000 - 0x00007ffc95274000 	C:\Windows\SYSTEM32\DBGHELP.DLL
0x00007ffc88310000 - 0x00007ffc8833c000 	C:\Windows\SYSTEM32\dbgcore.DLL
0x00007ffc974a0000 - 0x00007ffc97522000 	C:\Windows\System32\bcryptPrimitives.dll
0x00007ffc78900000 - 0x00007ffc78925000 	C:\Program Files\Java\jdk-17.0.2\bin\java.dll

dbghelp: loaded successfully - version: 4.0.5 - missing functions: none
symbol engine: initialized successfully - sym options: 0x614 - pdb path: .;C:\Program Files\Java\jdk-17.0.2\bin;C:\Windows\SYSTEM32;C:\Windows\WinSxS\amd64_microsoft.windows.common-controls_6595b64144ccf1df_6.0.19041.1110_none_60b5254171f9507e;C:\Program Files\Java\jdk-17.0.2\bin\server

VM Arguments:
jvm_args: --enable-preview -XX:+ShowCodeDetailsInExceptionMessages 
java_command: Programme4
java_class_path (initial): C:\Users\simplon\AppData\Roaming\Code\User\workspaceStorage\3a56b6a228ea4ed149398abd5b114bd4\redhat.java\jdt_ws\atelier_java_ff23674\bin
Launcher Type: SUN_STANDARD

[Global flags]
     intx CICompilerCount                          = 3                                         {product} {ergonomic}
     uint ConcGCThreads                            = 1                                         {product} {ergonomic}
     uint G1ConcRefinementThreads                  = 4                                         {product} {ergonomic}
   size_t G1HeapRegionSize                         = 2097152                                   {product} {ergonomic}
    uintx GCDrainStackTargetSize                   = 64                                        {product} {ergonomic}
   size_t InitialHeapSize                          = 268435456                                 {product} {ergonomic}
   size_t MarkStackSize                            = 4194304                                   {product} {ergonomic}
   size_t MaxHeapSize                              = 4265607168                                {product} {ergonomic}
   size_t MinHeapDeltaBytes                        = 2097152                                   {product} {ergonomic}
   size_t MinHeapSize                              = 8388608                                   {product} {ergonomic}
    uintx NonNMethodCodeHeapSize                   = 5832780                                {pd product} {ergonomic}
    uintx NonProfiledCodeHeapSize                  = 122912730                              {pd product} {ergonomic}
    uintx ProfiledCodeHeapSize                     = 122912730                              {pd product} {ergonomic}
    uintx ReservedCodeCacheSize                    = 251658240                              {pd product} {ergonomic}
     bool SegmentedCodeCache                       = true                                      {product} {ergonomic}
     bool ShowCodeDetailsInExceptionMessages       = true                                   {manageable} {command line}
   size_t SoftMaxHeapSize                          = 4265607168                             {manageable} {ergonomic}
     bool UseCompressedClassPointers               = true                           {product lp64_product} {ergonomic}
     bool UseCompressedOops                        = true                           {product lp64_product} {ergonomic}
     bool UseG1GC                                  = true                                      {product} {ergonomic}
     bool UseLargePagesIndividualAllocation        = false                                  {pd product} {ergonomic}

Logging:
Log output configuration:
 #0: stdout all=warning uptime,level,tags
 #1: stderr all=off uptime,level,tags

Environment Variables:
PATH=C:\Program Files\Common Files\Oracle\Java\javapath;C:\Python310\Scripts\;C:\Python310\;C:\Windows\system32;C:\Windows;C:\Windows\System32\Wbem;C:\Windows\System32\WindowsPowerShell\v1.0\;C:\Windows\System32\OpenSSH\;C:\Program Files\Git\cmd;: C:\wamp\bin\php\php5.5.12;C:\Programmes\nodejs\node.js;C:\Program Files\nodejs;C:\Program Files\nodejs\;C:\ProgramData\chocolatey\bin;;C:\Program Files\Docker\Docker\resources\bin;C:\ProgramData\DockerDesktop\version-bin;C:\Users\simplon\AppData\Local\Microsoft\WindowsApps;C:\xampp\php;C:\Users\simplon\AppData\Local\ComposerSetup\bin;C:\Users\simplon\AppData\Roaming\Composer\vendor\bin;C:\Program Files\nodejs;C:\Users\simplon\AppData\Roaming\npm;C:\Program Files\heroku\bin
USERNAME=simplon
LANG=fr_FR.UTF-8
OS=Windows_NT
PROCESSOR_IDENTIFIER=Intel64 Family 6 Model 78 Stepping 3, GenuineIntel



---------------  S Y S T E M  ---------------

OS:
 Windows 10 , 64 bit Build 19041 (10.0.19041.1566)
OS uptime: 13 days 3:17 hours
Hyper-V role detected

CPU: total 4 (initial active 4) (2 cores per cpu, 2 threads per core) family 6 model 78 stepping 3 microcode 0xcc, cx8, cmov, fxsr, ht, mmx, 3dnowpref, sse, sse2, sse3, ssse3, sse4.1, sse4.2, popcnt, lzcnt, tsc, tscinvbit, avx, avx2, aes, erms, clmul, bmi1, bmi2, rtm, adx, fma, vzeroupper, clflush, clflushopt, hv

Memory: 4k page, system-wide physical 16264M (3869M free)
TotalPageFile size 21926M (AvailPageFile size 146M)
current process WorkingSet (physical memory assigned to process): 10M, peak: 10M
current process commit charge ("private bytes"): 51M, peak: 307M

vm_info: Java HotSpot(TM) 64-Bit Server VM (17.0.2+8-LTS-86) for windows-amd64 JRE (17.0.2+8-LTS-86), built on Dec  7 2021 21:51:03 by "mach5one" with MS VC++ 16.8 / 16.9 (VS2019)

END.
